{"C:\\Users\\Joshua\\Documents\\2\\secure-messaging-platform\\backend\\src\\config\\database.ts": {"path":"C:\\Users\\Joshua\\Documents\\2\\secure-messaging-platform\\backend\\src\\config\\database.ts","statementMap":{"0":{"start":{"line":1,"column":0},"end":{"line":1,"column":32}},"1":{"start":{"line":3,"column":33},"end":{"line":25,"column":1}},"2":{"start":{"line":4,"column":4},"end":{"line":24,"column":5}},"3":{"start":{"line":5,"column":25},"end":{"line":5,"column":48}},"4":{"start":{"line":7,"column":8},"end":{"line":9,"column":9}},"5":{"start":{"line":8,"column":12},"end":{"line":8,"column":75}},"6":{"start":{"line":11,"column":8},"end":{"line":11,"column":51}},"7":{"start":{"line":13,"column":21},"end":{"line":18,"column":10}},"8":{"start":{"line":20,"column":8},"end":{"line":20,"column":81}},"9":{"start":{"line":21,"column":8},"end":{"line":21,"column":20}},"10":{"start":{"line":23,"column":8},"end":{"line":23,"column":60}},"11":{"start":{"line":3,"column":13},"end":{"line":3,"column":33}}},"fnMap":{"0":{"name":"(anonymous_1)","decl":{"start":{"line":3,"column":33},"end":{"line":3,"column":38}},"loc":{"start":{"line":3,"column":44},"end":{"line":25,"column":1}}}},"branchMap":{"0":{"loc":{"start":{"line":7,"column":8},"end":{"line":9,"column":9}},"type":"if","locations":[{"start":{"line":7,"column":8},"end":{"line":9,"column":9}},{"start":{},"end":{}}]}},"s":{"0":0,"1":0,"2":0,"3":0,"4":0,"5":0,"6":0,"7":0,"8":0,"9":0,"10":0,"11":0},"f":{"0":0},"b":{"0":[0,0]}}
,"C:\\Users\\Joshua\\Documents\\2\\secure-messaging-platform\\backend\\src\\controllers\\authController.ts": {"path":"C:\\Users\\Joshua\\Documents\\2\\secure-messaging-platform\\backend\\src\\controllers\\authController.ts","statementMap":{"0":{"start":{"line":2,"column":0},"end":{"line":2,"column":50}},"1":{"start":{"line":7,"column":8},"end":{"line":20,"column":9}},"2":{"start":{"line":8,"column":50},"end":{"line":8,"column":58}},"3":{"start":{"line":9,"column":27},"end":{"line":9,"column":80}},"4":{"start":{"line":11,"column":12},"end":{"line":14,"column":15}},"5":{"start":{"line":16,"column":12},"end":{"line":19,"column":15}},"6":{"start":{"line":24,"column":8},"end":{"line":37,"column":9}},"7":{"start":{"line":25,"column":40},"end":{"line":25,"column":48}},"8":{"start":{"line":26,"column":27},"end":{"line":26,"column":67}},"9":{"start":{"line":28,"column":12},"end":{"line":31,"column":15}},"10":{"start":{"line":33,"column":12},"end":{"line":36,"column":15}},"11":{"start":{"line":41,"column":8},"end":{"line":57,"column":9}},"12":{"start":{"line":42,"column":37},"end":{"line":42,"column":45}},"13":{"start":{"line":43,"column":35},"end":{"line":43,"column":85}},"14":{"start":{"line":45,"column":12},"end":{"line":50,"column":15}},"15":{"start":{"line":53,"column":12},"end":{"line":56,"column":15}},"16":{"start":{"line":61,"column":8},"end":{"line":78,"column":9}},"17":{"start":{"line":62,"column":12},"end":{"line":64,"column":13}},"18":{"start":{"line":63,"column":16},"end":{"line":63,"column":89}},"19":{"start":{"line":66,"column":12},"end":{"line":66,"column":54}},"20":{"start":{"line":68,"column":12},"end":{"line":71,"column":15}},"21":{"start":{"line":74,"column":12},"end":{"line":77,"column":15}},"22":{"start":{"line":82,"column":0},"end":{"line":82,"column":36}}},"fnMap":{"0":{"name":"(anonymous_1)","decl":{"start":{"line":6,"column":4},"end":{"line":6,"column":9}},"loc":{"start":{"line":6,"column":46},"end":{"line":21,"column":5}}},"1":{"name":"(anonymous_2)","decl":{"start":{"line":23,"column":4},"end":{"line":23,"column":9}},"loc":{"start":{"line":23,"column":43},"end":{"line":38,"column":5}}},"2":{"name":"(anonymous_3)","decl":{"start":{"line":40,"column":4},"end":{"line":40,"column":9}},"loc":{"start":{"line":40,"column":54},"end":{"line":58,"column":5}}},"3":{"name":"(anonymous_4)","decl":{"start":{"line":60,"column":4},"end":{"line":60,"column":9}},"loc":{"start":{"line":60,"column":48},"end":{"line":79,"column":5}}}},"branchMap":{"0":{"loc":{"start":{"line":62,"column":12},"end":{"line":64,"column":13}},"type":"if","locations":[{"start":{"line":62,"column":12},"end":{"line":64,"column":13}},{"start":{},"end":{}}]}},"s":{"0":1,"1":7,"2":7,"3":7,"4":0,"5":7,"6":3,"7":3,"8":3,"9":0,"10":3,"11":1,"12":1,"13":1,"14":0,"15":1,"16":0,"17":0,"18":0,"19":0,"20":0,"21":0,"22":1},"f":{"0":7,"1":3,"2":1,"3":0},"b":{"0":[0,0]}}
,"C:\\Users\\Joshua\\Documents\\2\\secure-messaging-platform\\backend\\src\\controllers\\messageController.ts": {"path":"C:\\Users\\Joshua\\Documents\\2\\secure-messaging-platform\\backend\\src\\controllers\\messageController.ts","statementMap":{"0":{"start":{"line":2,"column":0},"end":{"line":2,"column":56}},"1":{"start":{"line":7,"column":8},"end":{"line":30,"column":9}},"2":{"start":{"line":8,"column":71},"end":{"line":8,"column":79}},"3":{"start":{"line":9,"column":29},"end":{"line":9,"column":45}},"4":{"start":{"line":11,"column":28},"end":{"line":18,"column":14}},"5":{"start":{"line":20,"column":12},"end":{"line":23,"column":15}},"6":{"start":{"line":26,"column":12},"end":{"line":29,"column":15}},"7":{"start":{"line":34,"column":8},"end":{"line":61,"column":9}},"8":{"start":{"line":35,"column":27},"end":{"line":35,"column":43}},"9":{"start":{"line":36,"column":34},"end":{"line":36,"column":44}},"10":{"start":{"line":38,"column":12},"end":{"line":44,"column":13}},"11":{"start":{"line":39,"column":16},"end":{"line":42,"column":19}},"12":{"start":{"line":43,"column":16},"end":{"line":43,"column":23}},"13":{"start":{"line":46,"column":25},"end":{"line":46,"column":64}},"14":{"start":{"line":47,"column":26},"end":{"line":47,"column":67}},"15":{"start":{"line":49,"column":29},"end":{"line":49,"column":104}},"16":{"start":{"line":51,"column":12},"end":{"line":54,"column":15}},"17":{"start":{"line":57,"column":12},"end":{"line":60,"column":15}},"18":{"start":{"line":65,"column":8},"end":{"line":88,"column":9}},"19":{"start":{"line":66,"column":27},"end":{"line":66,"column":43}},"20":{"start":{"line":67,"column":34},"end":{"line":67,"column":44}},"21":{"start":{"line":69,"column":12},"end":{"line":75,"column":13}},"22":{"start":{"line":70,"column":16},"end":{"line":73,"column":19}},"23":{"start":{"line":74,"column":16},"end":{"line":74,"column":23}},"24":{"start":{"line":77,"column":28},"end":{"line":77,"column":85}},"25":{"start":{"line":78,"column":12},"end":{"line":81,"column":15}},"26":{"start":{"line":84,"column":12},"end":{"line":87,"column":15}},"27":{"start":{"line":92,"column":8},"end":{"line":113,"column":9}},"28":{"start":{"line":93,"column":27},"end":{"line":93,"column":43}},"29":{"start":{"line":94,"column":34},"end":{"line":94,"column":44}},"30":{"start":{"line":95,"column":12},"end":{"line":101,"column":13}},"31":{"start":{"line":96,"column":16},"end":{"line":99,"column":19}},"32":{"start":{"line":100,"column":16},"end":{"line":100,"column":23}},"33":{"start":{"line":102,"column":28},"end":{"line":102,"column":81}},"34":{"start":{"line":103,"column":12},"end":{"line":106,"column":15}},"35":{"start":{"line":109,"column":12},"end":{"line":112,"column":15}},"36":{"start":{"line":118,"column":8},"end":{"line":142,"column":9}},"37":{"start":{"line":119,"column":27},"end":{"line":119,"column":43}},"38":{"start":{"line":120,"column":31},"end":{"line":120,"column":40}},"39":{"start":{"line":121,"column":12},"end":{"line":127,"column":13}},"40":{"start":{"line":122,"column":16},"end":{"line":125,"column":19}},"41":{"start":{"line":126,"column":16},"end":{"line":126,"column":23}},"42":{"start":{"line":128,"column":25},"end":{"line":128,"column":64}},"43":{"start":{"line":130,"column":29},"end":{"line":130,"column":95}},"44":{"start":{"line":132,"column":12},"end":{"line":135,"column":15}},"45":{"start":{"line":138,"column":12},"end":{"line":141,"column":15}},"46":{"start":{"line":146,"column":0},"end":{"line":146,"column":39}}},"fnMap":{"0":{"name":"(anonymous_1)","decl":{"start":{"line":6,"column":4},"end":{"line":6,"column":9}},"loc":{"start":{"line":6,"column":55},"end":{"line":31,"column":5}}},"1":{"name":"(anonymous_2)","decl":{"start":{"line":33,"column":4},"end":{"line":33,"column":9}},"loc":{"start":{"line":33,"column":57},"end":{"line":62,"column":5}}},"2":{"name":"(anonymous_3)","decl":{"start":{"line":64,"column":4},"end":{"line":64,"column":9}},"loc":{"start":{"line":64,"column":52},"end":{"line":89,"column":5}}},"3":{"name":"(anonymous_4)","decl":{"start":{"line":91,"column":4},"end":{"line":91,"column":9}},"loc":{"start":{"line":91,"column":55},"end":{"line":115,"column":5}}},"4":{"name":"(anonymous_5)","decl":{"start":{"line":117,"column":4},"end":{"line":117,"column":9}},"loc":{"start":{"line":117,"column":56},"end":{"line":143,"column":5}}}},"branchMap":{"0":{"loc":{"start":{"line":38,"column":12},"end":{"line":44,"column":13}},"type":"if","locations":[{"start":{"line":38,"column":12},"end":{"line":44,"column":13}},{"start":{},"end":{}}]},"1":{"loc":{"start":{"line":46,"column":25},"end":{"line":46,"column":64}},"type":"binary-expr","locations":[{"start":{"line":46,"column":25},"end":{"line":46,"column":59}},{"start":{"line":46,"column":63},"end":{"line":46,"column":64}}]},"2":{"loc":{"start":{"line":47,"column":26},"end":{"line":47,"column":67}},"type":"binary-expr","locations":[{"start":{"line":47,"column":26},"end":{"line":47,"column":61}},{"start":{"line":47,"column":65},"end":{"line":47,"column":67}}]},"3":{"loc":{"start":{"line":69,"column":12},"end":{"line":75,"column":13}},"type":"if","locations":[{"start":{"line":69,"column":12},"end":{"line":75,"column":13}},{"start":{},"end":{}}]},"4":{"loc":{"start":{"line":95,"column":12},"end":{"line":101,"column":13}},"type":"if","locations":[{"start":{"line":95,"column":12},"end":{"line":101,"column":13}},{"start":{},"end":{}}]},"5":{"loc":{"start":{"line":121,"column":12},"end":{"line":127,"column":13}},"type":"if","locations":[{"start":{"line":121,"column":12},"end":{"line":127,"column":13}},{"start":{},"end":{}}]},"6":{"loc":{"start":{"line":121,"column":16},"end":{"line":121,"column":51}},"type":"binary-expr","locations":[{"start":{"line":121,"column":16},"end":{"line":121,"column":22}},{"start":{"line":121,"column":26},"end":{"line":121,"column":51}}]},"7":{"loc":{"start":{"line":128,"column":25},"end":{"line":128,"column":64}},"type":"binary-expr","locations":[{"start":{"line":128,"column":25},"end":{"line":128,"column":59}},{"start":{"line":128,"column":63},"end":{"line":128,"column":64}}]}},"s":{"0":1,"1":0,"2":0,"3":0,"4":0,"5":0,"6":0,"7":0,"8":0,"9":0,"10":0,"11":0,"12":0,"13":0,"14":0,"15":0,"16":0,"17":0,"18":0,"19":0,"20":0,"21":0,"22":0,"23":0,"24":0,"25":0,"26":0,"27":0,"28":0,"29":0,"30":0,"31":0,"32":0,"33":0,"34":0,"35":0,"36":0,"37":0,"38":0,"39":0,"40":0,"41":0,"42":0,"43":0,"44":0,"45":0,"46":1},"f":{"0":0,"1":0,"2":0,"3":0,"4":0},"b":{"0":[0,0],"1":[0,0],"2":[0,0],"3":[0,0],"4":[0,0],"5":[0,0],"6":[0,0],"7":[0,0]}}
,"C:\\Users\\Joshua\\Documents\\2\\secure-messaging-platform\\backend\\src\\middleware\\authMiddleware.ts": {"path":"C:\\Users\\Joshua\\Documents\\2\\secure-messaging-platform\\backend\\src\\middleware\\authMiddleware.ts","statementMap":{"0":{"start":{"line":2,"column":0},"end":{"line":2,"column":50}},"1":{"start":{"line":12,"column":28},"end":{"line":31,"column":1}},"2":{"start":{"line":17,"column":4},"end":{"line":30,"column":5}},"3":{"start":{"line":18,"column":27},"end":{"line":18,"column":52}},"4":{"start":{"line":19,"column":8},"end":{"line":21,"column":9}},"5":{"start":{"line":20,"column":12},"end":{"line":20,"column":69}},"6":{"start":{"line":23,"column":22},"end":{"line":23,"column":45}},"7":{"start":{"line":24,"column":24},"end":{"line":24,"column":66}},"8":{"start":{"line":26,"column":8},"end":{"line":26,"column":27}},"9":{"start":{"line":27,"column":8},"end":{"line":27,"column":15}},"10":{"start":{"line":29,"column":8},"end":{"line":29,"column":77}},"11":{"start":{"line":12,"column":13},"end":{"line":12,"column":28}},"12":{"start":{"line":33,"column":25},"end":{"line":43,"column":1}},"13":{"start":{"line":34,"column":4},"end":{"line":42,"column":6}},"14":{"start":{"line":35,"column":8},"end":{"line":37,"column":9}},"15":{"start":{"line":36,"column":12},"end":{"line":36,"column":69}},"16":{"start":{"line":38,"column":8},"end":{"line":40,"column":9}},"17":{"start":{"line":39,"column":12},"end":{"line":39,"column":66}},"18":{"start":{"line":41,"column":8},"end":{"line":41,"column":15}},"19":{"start":{"line":33,"column":13},"end":{"line":33,"column":25}}},"fnMap":{"0":{"name":"(anonymous_1)","decl":{"start":{"line":12,"column":28},"end":{"line":12,"column":33}},"loc":{"start":{"line":16,"column":4},"end":{"line":31,"column":1}}},"1":{"name":"(anonymous_2)","decl":{"start":{"line":33,"column":25},"end":{"line":33,"column":26}},"loc":{"start":{"line":33,"column":48},"end":{"line":43,"column":1}}},"2":{"name":"(anonymous_3)","decl":{"start":{"line":34,"column":11},"end":{"line":34,"column":12}},"loc":{"start":{"line":34,"column":67},"end":{"line":42,"column":5}}}},"branchMap":{"0":{"loc":{"start":{"line":19,"column":8},"end":{"line":21,"column":9}},"type":"if","locations":[{"start":{"line":19,"column":8},"end":{"line":21,"column":9}},{"start":{},"end":{}}]},"1":{"loc":{"start":{"line":19,"column":12},"end":{"line":19,"column":60}},"type":"binary-expr","locations":[{"start":{"line":19,"column":12},"end":{"line":19,"column":23}},{"start":{"line":19,"column":27},"end":{"line":19,"column":60}}]},"2":{"loc":{"start":{"line":35,"column":8},"end":{"line":37,"column":9}},"type":"if","locations":[{"start":{"line":35,"column":8},"end":{"line":37,"column":9}},{"start":{},"end":{}}]},"3":{"loc":{"start":{"line":38,"column":8},"end":{"line":40,"column":9}},"type":"if","locations":[{"start":{"line":38,"column":8},"end":{"line":40,"column":9}},{"start":{},"end":{}}]}},"s":{"0":3,"1":3,"2":7,"3":7,"4":7,"5":4,"6":3,"7":3,"8":0,"9":0,"10":3,"11":3,"12":3,"13":3,"14":3,"15":1,"16":2,"17":1,"18":1,"19":3},"f":{"0":7,"1":3,"2":3},"b":{"0":[4,3],"1":[7,4],"2":[1,2],"3":[1,1]}}
,"C:\\Users\\Joshua\\Documents\\2\\secure-messaging-platform\\backend\\src\\middleware\\validationMiddleware.ts": {"path":"C:\\Users\\Joshua\\Documents\\2\\secure-messaging-platform\\backend\\src\\middleware\\validationMiddleware.ts","statementMap":{"0":{"start":{"line":2,"column":0},"end":{"line":2,"column":53}},"1":{"start":{"line":4,"column":24},"end":{"line":14,"column":1}},"2":{"start":{"line":5,"column":19},"end":{"line":5,"column":40}},"3":{"start":{"line":7,"column":4},"end":{"line":12,"column":5}},"4":{"start":{"line":8,"column":8},"end":{"line":11,"column":11}},"5":{"start":{"line":13,"column":4},"end":{"line":13,"column":11}},"6":{"start":{"line":4,"column":13},"end":{"line":4,"column":24}}},"fnMap":{"0":{"name":"(anonymous_0)","decl":{"start":{"line":4,"column":24},"end":{"line":4,"column":25}},"loc":{"start":{"line":4,"column":76},"end":{"line":14,"column":1}}}},"branchMap":{"0":{"loc":{"start":{"line":7,"column":4},"end":{"line":12,"column":5}},"type":"if","locations":[{"start":{"line":7,"column":4},"end":{"line":12,"column":5}},{"start":{},"end":{}}]}},"s":{"0":2,"1":2,"2":14,"3":14,"4":4,"5":10,"6":2},"f":{"0":14},"b":{"0":[4,10]}}
,"C:\\Users\\Joshua\\Documents\\2\\secure-messaging-platform\\backend\\src\\models\\Message.ts": {"path":"C:\\Users\\Joshua\\Documents\\2\\secure-messaging-platform\\backend\\src\\models\\Message.ts","statementMap":{"0":{"start":{"line":1,"column":0},"end":{"line":1,"column":54}},"1":{"start":{"line":25,"column":22},"end":{"line":79,"column":2}},"2":{"start":{"line":35,"column":12},"end":{"line":35,"column":43}},"3":{"start":{"line":42,"column":12},"end":{"line":42,"column":65}},"4":{"start":{"line":81,"column":0},"end":{"line":81,"column":52}},"5":{"start":{"line":82,"column":0},"end":{"line":82,"column":55}},"6":{"start":{"line":83,"column":0},"end":{"line":83,"column":51}},"7":{"start":{"line":84,"column":0},"end":{"line":84,"column":40}},"8":{"start":{"line":86,"column":13},"end":{"line":86,"column":74}}},"fnMap":{"0":{"name":"(anonymous_9)","decl":{"start":{"line":34,"column":18},"end":{"line":34,"column":null}},"loc":{"start":{"line":34,"column":18},"end":{"line":36,"column":9}}},"1":{"name":"(anonymous_10)","decl":{"start":{"line":41,"column":18},"end":{"line":41,"column":null}},"loc":{"start":{"line":41,"column":18},"end":{"line":43,"column":9}}}},"branchMap":{"0":{"loc":{"start":{"line":42,"column":19},"end":{"line":42,"column":64}},"type":"binary-expr","locations":[{"start":{"line":42,"column":19},"end":{"line":42,"column":40}},{"start":{"line":42,"column":44},"end":{"line":42,"column":64}}]}},"s":{"0":3,"1":3,"2":1,"3":1,"4":3,"5":3,"6":3,"7":3,"8":3},"f":{"0":1,"1":1},"b":{"0":[1,1]}}
,"C:\\Users\\Joshua\\Documents\\2\\secure-messaging-platform\\backend\\src\\models\\User.ts": {"path":"C:\\Users\\Joshua\\Documents\\2\\secure-messaging-platform\\backend\\src\\models\\User.ts","statementMap":{"0":{"start":{"line":1,"column":0},"end":{"line":1,"column":54}},"1":{"start":{"line":2,"column":0},"end":{"line":2,"column":28}},"2":{"start":{"line":19,"column":18},"end":{"line":59,"column":2}},"3":{"start":{"line":61,"column":0},"end":{"line":74,"column":3}},"4":{"start":{"line":62,"column":4},"end":{"line":64,"column":5}},"5":{"start":{"line":63,"column":8},"end":{"line":63,"column":22}},"6":{"start":{"line":66,"column":4},"end":{"line":73,"column":5}},"7":{"start":{"line":67,"column":21},"end":{"line":67,"column":45}},"8":{"start":{"line":68,"column":8},"end":{"line":68,"column":71}},"9":{"start":{"line":69,"column":8},"end":{"line":69,"column":15}},"10":{"start":{"line":72,"column":8},"end":{"line":72,"column":27}},"11":{"start":{"line":76,"column":0},"end":{"line":78,"column":null}},"12":{"start":{"line":77,"column":4},"end":{"line":77,"column":64}},"13":{"start":{"line":80,"column":0},"end":{"line":80,"column":31}},"14":{"start":{"line":81,"column":0},"end":{"line":81,"column":34}},"15":{"start":{"line":83,"column":13},"end":{"line":83,"column":62}}},"fnMap":{"0":{"name":"(anonymous_10)","decl":{"start":{"line":61,"column":23},"end":{"line":61,"column":28}},"loc":{"start":{"line":61,"column":42},"end":{"line":74,"column":1}}},"1":{"name":"(anonymous_11)","decl":{"start":{"line":76,"column":37},"end":{"line":76,"column":42}},"loc":{"start":{"line":76,"column":77},"end":{"line":78,"column":1}}}},"branchMap":{"0":{"loc":{"start":{"line":62,"column":4},"end":{"line":64,"column":5}},"type":"if","locations":[{"start":{"line":62,"column":4},"end":{"line":64,"column":5}},{"start":{},"end":{}}]}},"s":{"0":7,"1":7,"2":7,"3":7,"4":44,"5":0,"6":44,"7":44,"8":44,"9":44,"10":0,"11":7,"12":0,"13":7,"14":7,"15":7},"f":{"0":44,"1":0},"b":{"0":[0,44]}}
,"C:\\Users\\Joshua\\Documents\\2\\secure-messaging-platform\\backend\\src\\routes\\authRoutes.ts": {"path":"C:\\Users\\Joshua\\Documents\\2\\secure-messaging-platform\\backend\\src\\routes\\authRoutes.ts","statementMap":{"0":{"start":{"line":1,"column":0},"end":{"line":1,"column":33}},"1":{"start":{"line":2,"column":0},"end":{"line":2,"column":41}},"2":{"start":{"line":3,"column":0},"end":{"line":3,"column":59}},"3":{"start":{"line":4,"column":0},"end":{"line":4,"column":59}},"4":{"start":{"line":5,"column":0},"end":{"line":5,"column":62}},"5":{"start":{"line":7,"column":15},"end":{"line":7,"column":23}},"6":{"start":{"line":9,"column":27},"end":{"line":15,"column":2}},"7":{"start":{"line":17,"column":24},"end":{"line":20,"column":2}},"8":{"start":{"line":22,"column":0},"end":{"line":22,"column":80}},"9":{"start":{"line":23,"column":0},"end":{"line":23,"column":71}},"10":{"start":{"line":24,"column":0},"end":{"line":24,"column":59}},"11":{"start":{"line":25,"column":0},"end":{"line":25,"column":60}},"12":{"start":{"line":27,"column":0},"end":{"line":27,"column":22}}},"fnMap":{},"branchMap":{},"s":{"0":1,"1":1,"2":1,"3":1,"4":1,"5":1,"6":1,"7":1,"8":1,"9":1,"10":1,"11":1,"12":1},"f":{},"b":{}}
,"C:\\Users\\Joshua\\Documents\\2\\secure-messaging-platform\\backend\\src\\routes\\messageRoutes.ts": {"path":"C:\\Users\\Joshua\\Documents\\2\\secure-messaging-platform\\backend\\src\\routes\\messageRoutes.ts","statementMap":{"0":{"start":{"line":1,"column":0},"end":{"line":1,"column":33}},"1":{"start":{"line":2,"column":0},"end":{"line":2,"column":65}},"2":{"start":{"line":3,"column":0},"end":{"line":3,"column":41}},"3":{"start":{"line":4,"column":0},"end":{"line":4,"column":60}},"4":{"start":{"line":5,"column":0},"end":{"line":5,"column":62}},"5":{"start":{"line":7,"column":15},"end":{"line":7,"column":23}},"6":{"start":{"line":9,"column":0},"end":{"line":9,"column":25}},"7":{"start":{"line":11,"column":26},"end":{"line":21,"column":2}},"8":{"start":{"line":23,"column":0},"end":{"line":23,"column":79}},"9":{"start":{"line":24,"column":0},"end":{"line":24,"column":74}},"10":{"start":{"line":25,"column":0},"end":{"line":25,"column":61}},"11":{"start":{"line":26,"column":0},"end":{"line":26,"column":62}},"12":{"start":{"line":27,"column":0},"end":{"line":27,"column":56}},"13":{"start":{"line":29,"column":0},"end":{"line":29,"column":22}}},"fnMap":{},"branchMap":{},"s":{"0":1,"1":1,"2":1,"3":1,"4":1,"5":1,"6":1,"7":1,"8":1,"9":1,"10":1,"11":1,"12":1,"13":1},"f":{},"b":{}}
,"C:\\Users\\Joshua\\Documents\\2\\secure-messaging-platform\\backend\\src\\services\\authService.ts": {"path":"C:\\Users\\Joshua\\Documents\\2\\secure-messaging-platform\\backend\\src\\services\\authService.ts","statementMap":{"0":{"start":{"line":1,"column":0},"end":{"line":1,"column":31}},"1":{"start":{"line":3,"column":0},"end":{"line":3,"column":38}},"2":{"start":{"line":12,"column":12},"end":{"line":12,"column":59}},"3":{"start":{"line":13,"column":12},"end":{"line":13,"column":85}},"4":{"start":{"line":16,"column":29},"end":{"line":16,"column":83}},"5":{"start":{"line":18,"column":8},"end":{"line":20,"column":9}},"6":{"start":{"line":19,"column":12},"end":{"line":19,"column":64}},"7":{"start":{"line":22,"column":21},"end":{"line":22,"column":74}},"8":{"start":{"line":23,"column":8},"end":{"line":23,"column":26}},"9":{"start":{"line":25,"column":28},"end":{"line":28,"column":null}},"10":{"start":{"line":31,"column":29},"end":{"line":31,"column":75}},"11":{"start":{"line":33,"column":8},"end":{"line":44,"column":10}},"12":{"start":{"line":48,"column":21},"end":{"line":48,"column":50}},"13":{"start":{"line":49,"column":8},"end":{"line":51,"column":9}},"14":{"start":{"line":50,"column":12},"end":{"line":50,"column":57}},"15":{"start":{"line":53,"column":8},"end":{"line":53,"column":29}},"16":{"start":{"line":54,"column":8},"end":{"line":54,"column":39}},"17":{"start":{"line":55,"column":8},"end":{"line":55,"column":26}},"18":{"start":{"line":57,"column":28},"end":{"line":60,"column":null}},"19":{"start":{"line":62,"column":29},"end":{"line":62,"column":75}},"20":{"start":{"line":64,"column":8},"end":{"line":76,"column":10}},"21":{"start":{"line":80,"column":8},"end":{"line":84,"column":10}},"22":{"start":{"line":88,"column":8},"end":{"line":92,"column":10}},"23":{"start":{"line":96,"column":8},"end":{"line":100,"column":9}},"24":{"start":{"line":97,"column":12},"end":{"line":97,"column":69}},"25":{"start":{"line":99,"column":12},"end":{"line":99,"column":63}},"26":{"start":{"line":104,"column":8},"end":{"line":118,"column":9}},"27":{"start":{"line":105,"column":28},"end":{"line":105,"column":99}},"28":{"start":{"line":106,"column":25},"end":{"line":106,"column":60}},"29":{"start":{"line":107,"column":12},"end":{"line":109,"column":13}},"30":{"start":{"line":108,"column":16},"end":{"line":108,"column":50}},"31":{"start":{"line":110,"column":12},"end":{"line":114,"column":14}},"32":{"start":{"line":117,"column":12},"end":{"line":117,"column":64}},"33":{"start":{"line":122,"column":8},"end":{"line":122,"column":92}},"34":{"start":{"line":126,"column":0},"end":{"line":126,"column":33}}},"fnMap":{"0":{"name":"(anonymous_1)","decl":{"start":{"line":11,"column":0},"end":{"line":11,"column":6}},"loc":{"start":{"line":11,"column":0},"end":{"line":124,"column":1}}},"1":{"name":"(anonymous_2)","decl":{"start":{"line":15,"column":4},"end":{"line":15,"column":9}},"loc":{"start":{"line":15,"column":68},"end":{"line":45,"column":5}}},"2":{"name":"(anonymous_3)","decl":{"start":{"line":47,"column":4},"end":{"line":47,"column":9}},"loc":{"start":{"line":47,"column":47},"end":{"line":77,"column":5}}},"3":{"name":"(anonymous_4)","decl":{"start":{"line":79,"column":4},"end":{"line":79,"column":23}},"loc":{"start":{"line":79,"column":67},"end":{"line":85,"column":5}}},"4":{"name":"(anonymous_5)","decl":{"start":{"line":87,"column":4},"end":{"line":87,"column":24}},"loc":{"start":{"line":87,"column":39},"end":{"line":93,"column":5}}},"5":{"name":"(anonymous_6)","decl":{"start":{"line":95,"column":4},"end":{"line":95,"column":21}},"loc":{"start":{"line":95,"column":35},"end":{"line":101,"column":5}}},"6":{"name":"(anonymous_7)","decl":{"start":{"line":103,"column":4},"end":{"line":103,"column":9}},"loc":{"start":{"line":103,"column":49},"end":{"line":119,"column":5}}},"7":{"name":"(anonymous_8)","decl":{"start":{"line":121,"column":4},"end":{"line":121,"column":9}},"loc":{"start":{"line":121,"column":31},"end":{"line":123,"column":5}}}},"branchMap":{"0":{"loc":{"start":{"line":12,"column":24},"end":{"line":12,"column":58}},"type":"binary-expr","locations":[{"start":{"line":12,"column":24},"end":{"line":12,"column":46}},{"start":{"line":12,"column":50},"end":{"line":12,"column":58}}]},"1":{"loc":{"start":{"line":13,"column":33},"end":{"line":13,"column":84}},"type":"binary-expr","locations":[{"start":{"line":13,"column":33},"end":{"line":13,"column":65}},{"start":{"line":13,"column":69},"end":{"line":13,"column":84}}]},"2":{"loc":{"start":{"line":18,"column":8},"end":{"line":20,"column":9}},"type":"if","locations":[{"start":{"line":18,"column":8},"end":{"line":20,"column":9}},{"start":{},"end":{}}]},"3":{"loc":{"start":{"line":49,"column":8},"end":{"line":51,"column":9}},"type":"if","locations":[{"start":{"line":49,"column":8},"end":{"line":51,"column":9}},{"start":{},"end":{}}]},"4":{"loc":{"start":{"line":83,"column":25},"end":{"line":83,"column":60}},"type":"binary-expr","locations":[{"start":{"line":83,"column":25},"end":{"line":83,"column":51}},{"start":{"line":83,"column":55},"end":{"line":83,"column":60}}]},"5":{"loc":{"start":{"line":91,"column":25},"end":{"line":91,"column":69}},"type":"binary-expr","locations":[{"start":{"line":91,"column":25},"end":{"line":91,"column":61}},{"start":{"line":91,"column":65},"end":{"line":91,"column":69}}]},"6":{"loc":{"start":{"line":107,"column":12},"end":{"line":109,"column":13}},"type":"if","locations":[{"start":{"line":107,"column":12},"end":{"line":109,"column":13}},{"start":{},"end":{}}]}},"s":{"0":4,"1":4,"2":4,"3":4,"4":11,"5":0,"6":0,"7":0,"8":0,"9":0,"10":0,"11":0,"12":4,"13":0,"14":0,"15":0,"16":0,"17":0,"18":0,"19":0,"20":0,"21":2,"22":1,"23":5,"24":5,"25":4,"26":2,"27":2,"28":0,"29":0,"30":0,"31":0,"32":2,"33":0,"34":4},"f":{"0":4,"1":11,"2":4,"3":2,"4":1,"5":5,"6":2,"7":0},"b":{"0":[4,4],"1":[4,4],"2":[0,0],"3":[0,0],"4":[2,2],"5":[1,1],"6":[0,0]}}
,"C:\\Users\\Joshua\\Documents\\2\\secure-messaging-platform\\backend\\src\\services\\messageService.ts": {"path":"C:\\Users\\Joshua\\Documents\\2\\secure-messaging-platform\\backend\\src\\services\\messageService.ts","statementMap":{"0":{"start":{"line":1,"column":0},"end":{"line":1,"column":44}},"1":{"start":{"line":3,"column":0},"end":{"line":3,"column":32}},"2":{"start":{"line":14,"column":24},"end":{"line":14,"column":41}},"3":{"start":{"line":15,"column":8},"end":{"line":15,"column":29}},"4":{"start":{"line":16,"column":8},"end":{"line":16,"column":23}},"5":{"start":{"line":20,"column":21},"end":{"line":20,"column":39}},"6":{"start":{"line":21,"column":25},"end":{"line":33,"column":15}},"7":{"start":{"line":35,"column":8},"end":{"line":35,"column":34}},"8":{"start":{"line":39,"column":21},"end":{"line":39,"column":39}},"9":{"start":{"line":40,"column":8},"end":{"line":48,"column":16}},"10":{"start":{"line":52,"column":24},"end":{"line":55,"column":10}},"11":{"start":{"line":57,"column":8},"end":{"line":59,"column":9}},"12":{"start":{"line":58,"column":12},"end":{"line":58,"column":66}},"13":{"start":{"line":61,"column":8},"end":{"line":61,"column":30}},"14":{"start":{"line":62,"column":8},"end":{"line":62,"column":36}},"15":{"start":{"line":63,"column":8},"end":{"line":63,"column":29}},"16":{"start":{"line":65,"column":8},"end":{"line":65,"column":23}},"17":{"start":{"line":69,"column":24},"end":{"line":72,"column":10}},"18":{"start":{"line":74,"column":8},"end":{"line":76,"column":9}},"19":{"start":{"line":75,"column":12},"end":{"line":75,"column":66}},"20":{"start":{"line":78,"column":8},"end":{"line":78,"column":39}},"21":{"start":{"line":79,"column":8},"end":{"line":79,"column":29}},"22":{"start":{"line":80,"column":8},"end":{"line":80,"column":23}},"23":{"start":{"line":84,"column":24},"end":{"line":88,"column":10}},"24":{"start":{"line":90,"column":8},"end":{"line":92,"column":9}},"25":{"start":{"line":91,"column":12},"end":{"line":91,"column":66}},"26":{"start":{"line":94,"column":8},"end":{"line":94,"column":37}},"27":{"start":{"line":95,"column":8},"end":{"line":95,"column":38}},"28":{"start":{"line":96,"column":8},"end":{"line":96,"column":29}},"29":{"start":{"line":98,"column":8},"end":{"line":98,"column":23}},"30":{"start":{"line":102,"column":21},"end":{"line":102,"column":39}},"31":{"start":{"line":104,"column":8},"end":{"line":116,"column":16}},"32":{"start":{"line":120,"column":0},"end":{"line":120,"column":36}}},"fnMap":{"0":{"name":"(anonymous_1)","decl":{"start":{"line":6,"column":4},"end":{"line":6,"column":9}},"loc":{"start":{"line":13,"column":5},"end":{"line":17,"column":5}}},"1":{"name":"(anonymous_2)","decl":{"start":{"line":19,"column":4},"end":{"line":19,"column":9}},"loc":{"start":{"line":19,"column":102},"end":{"line":36,"column":5}}},"2":{"name":"(anonymous_3)","decl":{"start":{"line":38,"column":4},"end":{"line":38,"column":9}},"loc":{"start":{"line":38,"column":80},"end":{"line":49,"column":5}}},"3":{"name":"(anonymous_4)","decl":{"start":{"line":51,"column":4},"end":{"line":51,"column":9}},"loc":{"start":{"line":51,"column":61},"end":{"line":66,"column":5}}},"4":{"name":"(anonymous_5)","decl":{"start":{"line":68,"column":4},"end":{"line":68,"column":9}},"loc":{"start":{"line":68,"column":57},"end":{"line":81,"column":5}}},"5":{"name":"(anonymous_6)","decl":{"start":{"line":83,"column":4},"end":{"line":83,"column":9}},"loc":{"start":{"line":83,"column":75},"end":{"line":99,"column":5}}},"6":{"name":"(anonymous_7)","decl":{"start":{"line":101,"column":4},"end":{"line":101,"column":9}},"loc":{"start":{"line":101,"column":92},"end":{"line":117,"column":5}}}},"branchMap":{"0":{"loc":{"start":{"line":19,"column":66},"end":{"line":19,"column":82}},"type":"default-arg","locations":[{"start":{"line":19,"column":81},"end":{"line":19,"column":82}}]},"1":{"loc":{"start":{"line":19,"column":84},"end":{"line":19,"column":102}},"type":"default-arg","locations":[{"start":{"line":19,"column":100},"end":{"line":19,"column":102}}]},"2":{"loc":{"start":{"line":38,"column":44},"end":{"line":38,"column":60}},"type":"default-arg","locations":[{"start":{"line":38,"column":59},"end":{"line":38,"column":60}}]},"3":{"loc":{"start":{"line":38,"column":62},"end":{"line":38,"column":80}},"type":"default-arg","locations":[{"start":{"line":38,"column":78},"end":{"line":38,"column":80}}]},"4":{"loc":{"start":{"line":57,"column":8},"end":{"line":59,"column":9}},"type":"if","locations":[{"start":{"line":57,"column":8},"end":{"line":59,"column":9}},{"start":{},"end":{}}]},"5":{"loc":{"start":{"line":74,"column":8},"end":{"line":76,"column":9}},"type":"if","locations":[{"start":{"line":74,"column":8},"end":{"line":76,"column":9}},{"start":{},"end":{}}]},"6":{"loc":{"start":{"line":90,"column":8},"end":{"line":92,"column":9}},"type":"if","locations":[{"start":{"line":90,"column":8},"end":{"line":92,"column":9}},{"start":{},"end":{}}]},"7":{"loc":{"start":{"line":101,"column":56},"end":{"line":101,"column":72}},"type":"default-arg","locations":[{"start":{"line":101,"column":71},"end":{"line":101,"column":72}}]},"8":{"loc":{"start":{"line":101,"column":74},"end":{"line":101,"column":92}},"type":"default-arg","locations":[{"start":{"line":101,"column":90},"end":{"line":101,"column":92}}]}},"s":{"0":2,"1":2,"2":0,"3":0,"4":0,"5":0,"6":0,"7":0,"8":0,"9":0,"10":0,"11":0,"12":0,"13":0,"14":0,"15":0,"16":0,"17":0,"18":0,"19":0,"20":0,"21":0,"22":0,"23":0,"24":0,"25":0,"26":0,"27":0,"28":0,"29":0,"30":0,"31":0,"32":2},"f":{"0":0,"1":0,"2":0,"3":0,"4":0,"5":0,"6":0},"b":{"0":[0],"1":[0],"2":[0],"3":[0],"4":[0,0],"5":[0,0],"6":[0,0],"7":[0],"8":[0]}}
}
