TN:
SF:src\config\database.ts
FN:3,(anonymous_1)
FNF:1
FNH:0
FNDA:0,(anonymous_1)
DA:1,0
DA:3,0
DA:4,0
DA:5,0
DA:7,0
DA:8,0
DA:11,0
DA:13,0
DA:20,0
DA:21,0
DA:23,0
LF:11
LH:0
BRDA:7,0,0,0
BRDA:7,0,1,0
BRF:2
BRH:0
end_of_record
TN:
SF:src\controllers\authController.ts
FN:6,(anonymous_1)
FN:23,(anonymous_2)
FN:40,(anonymous_3)
FN:60,(anonymous_4)
FNF:4
FNH:3
FNDA:7,(anonymous_1)
FNDA:3,(anonymous_2)
FNDA:1,(anonymous_3)
FNDA:0,(anonymous_4)
DA:2,1
DA:7,7
DA:8,7
DA:9,7
DA:11,0
DA:16,7
DA:24,3
DA:25,3
DA:26,3
DA:28,0
DA:33,3
DA:41,1
DA:42,1
DA:43,1
DA:45,0
DA:53,1
DA:61,0
DA:62,0
DA:63,0
DA:66,0
DA:68,0
DA:74,0
DA:82,1
LF:23
LH:14
BRDA:62,0,0,0
BRDA:62,0,1,0
BRF:2
BRH:0
end_of_record
TN:
SF:src\controllers\messageController.ts
FN:6,(anonymous_1)
FN:33,(anonymous_2)
FN:64,(anonymous_3)
FN:91,(anonymous_4)
FN:117,(anonymous_5)
FNF:5
FNH:0
FNDA:0,(anonymous_1)
FNDA:0,(anonymous_2)
FNDA:0,(anonymous_3)
FNDA:0,(anonymous_4)
FNDA:0,(anonymous_5)
DA:2,1
DA:7,0
DA:8,0
DA:9,0
DA:11,0
DA:20,0
DA:26,0
DA:34,0
DA:35,0
DA:36,0
DA:38,0
DA:39,0
DA:43,0
DA:46,0
DA:47,0
DA:49,0
DA:51,0
DA:57,0
DA:65,0
DA:66,0
DA:67,0
DA:69,0
DA:70,0
DA:74,0
DA:77,0
DA:78,0
DA:84,0
DA:92,0
DA:93,0
DA:94,0
DA:95,0
DA:96,0
DA:100,0
DA:102,0
DA:103,0
DA:109,0
DA:118,0
DA:119,0
DA:120,0
DA:121,0
DA:122,0
DA:126,0
DA:128,0
DA:130,0
DA:132,0
DA:138,0
DA:146,1
LF:47
LH:2
BRDA:38,0,0,0
BRDA:38,0,1,0
BRDA:46,1,0,0
BRDA:46,1,1,0
BRDA:47,2,0,0
BRDA:47,2,1,0
BRDA:69,3,0,0
BRDA:69,3,1,0
BRDA:95,4,0,0
BRDA:95,4,1,0
BRDA:121,5,0,0
BRDA:121,5,1,0
BRDA:121,6,0,0
BRDA:121,6,1,0
BRDA:128,7,0,0
BRDA:128,7,1,0
BRF:16
BRH:0
end_of_record
TN:
SF:src\middleware\authMiddleware.ts
FN:12,(anonymous_1)
FN:33,(anonymous_2)
FN:34,(anonymous_3)
FNF:3
FNH:3
FNDA:7,(anonymous_1)
FNDA:3,(anonymous_2)
FNDA:3,(anonymous_3)
DA:2,3
DA:12,3
DA:17,7
DA:18,7
DA:19,7
DA:20,4
DA:23,3
DA:24,3
DA:26,0
DA:27,0
DA:29,3
DA:33,3
DA:34,3
DA:35,3
DA:36,1
DA:38,2
DA:39,1
DA:41,1
LF:18
LH:16
BRDA:19,0,0,4
BRDA:19,0,1,3
BRDA:19,1,0,7
BRDA:19,1,1,4
BRDA:35,2,0,1
BRDA:35,2,1,2
BRDA:38,3,0,1
BRDA:38,3,1,1
BRF:8
BRH:8
end_of_record
TN:
SF:src\middleware\validationMiddleware.ts
FN:4,(anonymous_0)
FNF:1
FNH:1
FNDA:14,(anonymous_0)
DA:2,2
DA:4,2
DA:5,14
DA:7,14
DA:8,4
DA:13,10
LF:6
LH:6
BRDA:7,0,0,4
BRDA:7,0,1,10
BRF:2
BRH:2
end_of_record
TN:
SF:src\models\Message.ts
FN:34,(anonymous_9)
FN:41,(anonymous_10)
FNF:2
FNH:2
FNDA:1,(anonymous_9)
FNDA:1,(anonymous_10)
DA:1,3
DA:25,3
DA:35,1
DA:42,1
DA:81,3
DA:82,3
DA:83,3
DA:84,3
DA:86,3
LF:9
LH:9
BRDA:42,0,0,1
BRDA:42,0,1,1
BRF:2
BRH:2
end_of_record
TN:
SF:src\models\User.ts
FN:61,(anonymous_10)
FN:76,(anonymous_11)
FNF:2
FNH:1
FNDA:44,(anonymous_10)
FNDA:0,(anonymous_11)
DA:1,7
DA:2,7
DA:19,7
DA:61,7
DA:62,44
DA:63,0
DA:66,44
DA:67,44
DA:68,44
DA:69,44
DA:72,0
DA:76,7
DA:77,0
DA:80,7
DA:81,7
DA:83,7
LF:16
LH:13
BRDA:62,0,0,0
BRDA:62,0,1,44
BRF:2
BRH:1
end_of_record
TN:
SF:src\routes\authRoutes.ts
FNF:0
FNH:0
DA:1,1
DA:2,1
DA:3,1
DA:4,1
DA:5,1
DA:7,1
DA:9,1
DA:17,1
DA:22,1
DA:23,1
DA:24,1
DA:25,1
DA:27,1
LF:13
LH:13
BRF:0
BRH:0
end_of_record
TN:
SF:src\routes\messageRoutes.ts
FNF:0
FNH:0
DA:1,1
DA:2,1
DA:3,1
DA:4,1
DA:5,1
DA:7,1
DA:9,1
DA:11,1
DA:23,1
DA:24,1
DA:25,1
DA:26,1
DA:27,1
DA:29,1
LF:14
LH:14
BRF:0
BRH:0
end_of_record
TN:
SF:src\services\authService.ts
FN:11,(anonymous_1)
FN:15,(anonymous_2)
FN:47,(anonymous_3)
FN:79,(anonymous_4)
FN:87,(anonymous_5)
FN:95,(anonymous_6)
FN:103,(anonymous_7)
FN:121,(anonymous_8)
FNF:8
FNH:7
FNDA:4,(anonymous_1)
FNDA:11,(anonymous_2)
FNDA:4,(anonymous_3)
FNDA:2,(anonymous_4)
FNDA:1,(anonymous_5)
FNDA:5,(anonymous_6)
FNDA:2,(anonymous_7)
FNDA:0,(anonymous_8)
DA:1,4
DA:3,4
DA:12,4
DA:13,4
DA:16,11
DA:18,0
DA:19,0
DA:22,0
DA:23,0
DA:25,0
DA:31,0
DA:33,0
DA:48,4
DA:49,0
DA:50,0
DA:53,0
DA:54,0
DA:55,0
DA:57,0
DA:62,0
DA:64,0
DA:80,2
DA:88,1
DA:96,5
DA:97,5
DA:99,4
DA:104,2
DA:105,2
DA:106,0
DA:107,0
DA:108,0
DA:110,0
DA:117,2
DA:122,0
DA:126,4
LF:35
LH:15
BRDA:12,0,0,4
BRDA:12,0,1,4
BRDA:13,1,0,4
BRDA:13,1,1,4
BRDA:18,2,0,0
BRDA:18,2,1,0
BRDA:49,3,0,0
BRDA:49,3,1,0
BRDA:83,4,0,2
BRDA:83,4,1,2
BRDA:91,5,0,1
BRDA:91,5,1,1
BRDA:107,6,0,0
BRDA:107,6,1,0
BRF:14
BRH:8
end_of_record
TN:
SF:src\services\messageService.ts
FN:6,(anonymous_1)
FN:19,(anonymous_2)
FN:38,(anonymous_3)
FN:51,(anonymous_4)
FN:68,(anonymous_5)
FN:83,(anonymous_6)
FN:101,(anonymous_7)
FNF:7
FNH:0
FNDA:0,(anonymous_1)
FNDA:0,(anonymous_2)
FNDA:0,(anonymous_3)
FNDA:0,(anonymous_4)
FNDA:0,(anonymous_5)
FNDA:0,(anonymous_6)
FNDA:0,(anonymous_7)
DA:1,2
DA:3,2
DA:14,0
DA:15,0
DA:16,0
DA:20,0
DA:21,0
DA:35,0
DA:39,0
DA:40,0
DA:52,0
DA:57,0
DA:58,0
DA:61,0
DA:62,0
DA:63,0
DA:65,0
DA:69,0
DA:74,0
DA:75,0
DA:78,0
DA:79,0
DA:80,0
DA:84,0
DA:90,0
DA:91,0
DA:94,0
DA:95,0
DA:96,0
DA:98,0
DA:102,0
DA:104,0
DA:120,2
LF:33
LH:3
BRDA:19,0,0,0
BRDA:19,1,0,0
BRDA:38,2,0,0
BRDA:38,3,0,0
BRDA:57,4,0,0
BRDA:57,4,1,0
BRDA:74,5,0,0
BRDA:74,5,1,0
BRDA:90,6,0,0
BRDA:90,6,1,0
BRDA:101,7,0,0
BRDA:101,8,0,0
BRF:12
BRH:0
end_of_record
